<?xml version="1.0" encoding="UTF-8"?>
<testsuite name="tests.JSONSerializeTest" tests="4" skipped="0" failures="0" errors="0" timestamp="2021-04-25T01:26:52" hostname="MIGUEL" time="0.057">
  <properties/>
  <testcase name="testJsonObjectConditioned2()" classname="tests.JSONSerializeTest" time="0.051"/>
  <testcase name="testJsonObjectConditioned()" classname="tests.JSONSerializeTest" time="0.001"/>
  <testcase name="testJsonArray()" classname="tests.JSONSerializeTest" time="0.001"/>
  <testcase name="testJsonObject()" classname="tests.JSONSerializeTest" time="0.001"/>
  <system-out><![CDATA[]]></system-out>
  <system-err><![CDATA[]]></system-err>
</testsuite>
